2024-06-15 15:47:05,169 DEBUG    Base.Commands  [Commands.py:97] [MainThread]  Command output - a94d1ed3
2024-06-15 15:47:05,169 INFO     SpecsInfo.MobileSpecsInfo  [MobileSpecsInfo.py:96] [MainThread]               Command Executed : adb wait-for-device  get-serialno 
2024-06-15 15:47:05,169 INFO     SpecsInfo.MobileSpecsInfo  [MobileSpecsInfo.py:98] [MainThread]                 Command Status :                        Success
2024-06-15 15:47:05,170 INFO     SpecsInfo.MobileSpecsInfo  [MobileSpecsInfo.py:101] [MainThread]                 Command Output :                       a94d1ed3
2024-06-15 15:47:05,199 DEBUG    Base.Commands  [Commands.py:97] [MainThread]  Command output - a94d1ed3
2024-06-15 15:47:05,199 INFO     SpecsInfo.MobileSpecsInfo  [MobileSpecsInfo.py:96] [MainThread]               Command Executed : adb wait-for-device  get-serialno 
2024-06-15 15:47:05,199 INFO     SpecsInfo.MobileSpecsInfo  [MobileSpecsInfo.py:98] [MainThread]                 Command Status :                        Success
2024-06-15 15:47:05,199 INFO     SpecsInfo.MobileSpecsInfo  [MobileSpecsInfo.py:101] [MainThread]                 Command Output :                       a94d1ed3
2024-06-15 15:47:05,311 DEBUG    Base.Commands  [Commands.py:97] [MainThread]  Command output - atoll
2024-06-15 15:47:05,311 INFO     SpecsInfo.MobileSpecsInfo  [MobileSpecsInfo.py:96] [MainThread]               Command Executed : adb wait-for-device  shell  getprop  ro.board.platform 
2024-06-15 15:47:05,311 INFO     SpecsInfo.MobileSpecsInfo  [MobileSpecsInfo.py:98] [MainThread]                 Command Status :                        Success
2024-06-15 15:47:05,311 INFO     SpecsInfo.MobileSpecsInfo  [MobileSpecsInfo.py:101] [MainThread]                 Command Output :                          atoll
2024-06-15 15:47:05,410 DEBUG    Base.Commands  [Commands.py:97] [MainThread]  Command output - Xiaomi
2024-06-15 15:47:05,410 INFO     SpecsInfo.MobileSpecsInfo  [MobileSpecsInfo.py:96] [MainThread]               Command Executed : adb wait-for-device  shell  getprop  ro.product.manufacturer 
2024-06-15 15:47:05,410 INFO     SpecsInfo.MobileSpecsInfo  [MobileSpecsInfo.py:98] [MainThread]                 Command Status :                        Success
2024-06-15 15:47:05,410 INFO     SpecsInfo.MobileSpecsInfo  [MobileSpecsInfo.py:101] [MainThread]                 Command Output :                         Xiaomi
2024-06-15 15:47:05,510 DEBUG    Base.Commands  [Commands.py:97] [MainThread]  Command output - QTI
2024-06-15 15:47:05,510 INFO     SpecsInfo.MobileSpecsInfo  [MobileSpecsInfo.py:96] [MainThread]               Command Executed : adb wait-for-device  shell  getprop  ro.soc.manufacturer 
2024-06-15 15:47:05,510 INFO     SpecsInfo.MobileSpecsInfo  [MobileSpecsInfo.py:98] [MainThread]                 Command Status :                        Success
2024-06-15 15:47:05,510 INFO     SpecsInfo.MobileSpecsInfo  [MobileSpecsInfo.py:101] [MainThread]                 Command Output :                            QTI
2024-06-15 15:47:05,622 DEBUG    Base.Commands  [Commands.py:97] [MainThread]  Command output - SM7125
2024-06-15 15:47:05,622 INFO     SpecsInfo.MobileSpecsInfo  [MobileSpecsInfo.py:96] [MainThread]               Command Executed : adb wait-for-device  shell  getprop  ro.soc.model 
2024-06-15 15:47:05,623 INFO     SpecsInfo.MobileSpecsInfo  [MobileSpecsInfo.py:98] [MainThread]                 Command Status :                        Success
2024-06-15 15:47:05,623 INFO     SpecsInfo.MobileSpecsInfo  [MobileSpecsInfo.py:101] [MainThread]                 Command Output :                         SM7125
2024-06-15 15:47:05,730 DEBUG    Base.Commands  [Commands.py:97] [MainThread]  Command output - msm
2024-06-15 15:47:05,730 INFO     SpecsInfo.MobileSpecsInfo  [MobileSpecsInfo.py:96] [MainThread]               Command Executed : adb wait-for-device  shell  getprop  ro.baseband 
2024-06-15 15:47:05,730 INFO     SpecsInfo.MobileSpecsInfo  [MobileSpecsInfo.py:98] [MainThread]                 Command Status :                        Success
2024-06-15 15:47:05,730 INFO     SpecsInfo.MobileSpecsInfo  [MobileSpecsInfo.py:101] [MainThread]                 Command Output :                            msm
2024-06-15 15:47:05,847 DEBUG    Base.Commands  [Commands.py:97] [MainThread]  Command output - dsds
2024-06-15 15:47:05,847 INFO     SpecsInfo.MobileSpecsInfo  [MobileSpecsInfo.py:96] [MainThread]               Command Executed : adb wait-for-device  shell  getprop  persist.radio.multisim.config 
2024-06-15 15:47:05,847 INFO     SpecsInfo.MobileSpecsInfo  [MobileSpecsInfo.py:98] [MainThread]                 Command Status :                        Success
2024-06-15 15:47:05,847 INFO     SpecsInfo.MobileSpecsInfo  [MobileSpecsInfo.py:101] [MainThread]                 Command Output :                           dsds
2024-06-15 15:47:05,951 DEBUG    Base.Commands  [Commands.py:97] [MainThread]  Command output - adreno
2024-06-15 15:47:05,951 INFO     SpecsInfo.MobileSpecsInfo  [MobileSpecsInfo.py:96] [MainThread]               Command Executed : adb wait-for-device  shell  getprop  ro.hardware.egl 
2024-06-15 15:47:05,951 INFO     SpecsInfo.MobileSpecsInfo  [MobileSpecsInfo.py:98] [MainThread]                 Command Status :                        Success
2024-06-15 15:47:05,952 INFO     SpecsInfo.MobileSpecsInfo  [MobileSpecsInfo.py:101] [MainThread]                 Command Output :                         adreno
2024-06-15 15:47:06,068 DEBUG    Base.Commands  [Commands.py:97] [MainThread]  Command output - 
2024-06-15 15:47:06,069 INFO     SpecsInfo.MobileSpecsInfo  [MobileSpecsInfo.py:96] [MainThread]               Command Executed : adb wait-for-device  shell  getprop  ro.hardware.nfc_nci 
2024-06-15 15:47:06,069 INFO     SpecsInfo.MobileSpecsInfo  [MobileSpecsInfo.py:98] [MainThread]                 Command Status :                        Success
2024-06-15 15:47:06,069 INFO     SpecsInfo.MobileSpecsInfo  [MobileSpecsInfo.py:101] [MainThread]                 Command Output :                               
2024-06-15 15:47:06,186 DEBUG    Base.Commands  [Commands.py:97] [MainThread]  Command output - 3
2024-06-15 15:47:06,186 INFO     SpecsInfo.MobileSpecsInfo  [MobileSpecsInfo.py:96] [MainThread]               Command Executed : adb wait-for-device  shell  getprop  sys.usb.mtp.device_type 
2024-06-15 15:47:06,186 INFO     SpecsInfo.MobileSpecsInfo  [MobileSpecsInfo.py:98] [MainThread]                 Command Status :                        Success
2024-06-15 15:47:06,186 INFO     SpecsInfo.MobileSpecsInfo  [MobileSpecsInfo.py:101] [MainThread]                 Command Output :                              3
2024-06-15 15:47:06,363 DEBUG    Base.Commands  [Commands.py:97] [MainThread]  Command output - Physical density: 440
2024-06-15 15:47:06,363 INFO     SpecsInfo.MobileSpecsInfo  [MobileSpecsInfo.py:96] [MainThread]               Command Executed : adb wait-for-device  shell  wm  density 
2024-06-15 15:47:06,364 INFO     SpecsInfo.MobileSpecsInfo  [MobileSpecsInfo.py:98] [MainThread]                 Command Status :                        Success
2024-06-15 15:47:06,364 INFO     SpecsInfo.MobileSpecsInfo  [MobileSpecsInfo.py:101] [MainThread]                 Command Output :          Physical density: 440
2024-06-15 15:47:06,497 DEBUG    Base.Commands  [Commands.py:97] [MainThread]  Command output - lock 0
2024-06-15 15:47:06,497 INFO     SpecsInfo.MobileSpecsInfo  [MobileSpecsInfo.py:96] [MainThread]               Command Executed : adb wait-for-device  shell  wm  user-rotation 
2024-06-15 15:47:06,497 INFO     SpecsInfo.MobileSpecsInfo  [MobileSpecsInfo.py:98] [MainThread]                 Command Status :                        Success
2024-06-15 15:47:06,497 INFO     SpecsInfo.MobileSpecsInfo  [MobileSpecsInfo.py:101] [MainThread]                 Command Output :                         lock 0
2024-06-15 15:47:06,637 DEBUG    Base.Commands  [Commands.py:97] [MainThread]  Command output - Supports non-resizable in multi window: 0
Respects activity min width/height in multi window: 0
2024-06-15 15:47:06,637 INFO     SpecsInfo.MobileSpecsInfo  [MobileSpecsInfo.py:96] [MainThread]               Command Executed : adb wait-for-device  shell  wm  get-multi-window-config 
2024-06-15 15:47:06,637 INFO     SpecsInfo.MobileSpecsInfo  [MobileSpecsInfo.py:98] [MainThread]                 Command Status :                        Success
2024-06-15 15:47:06,637 INFO     SpecsInfo.MobileSpecsInfo  [MobileSpecsInfo.py:101] [MainThread]                 Command Output : Supports non-resizable in multi window: 0
Respects activity min width/height in multi window: 0
2024-06-15 15:47:06,695 DEBUG    Base.Commands  [Commands.py:97] [MainThread]  Command output - Android Debug Bridge version 1.0.41
Version 35.0.1-11580240
Installed as C:\Users\MOHAMMAD ASIF RAZA\AppData\Local\Android\Sdk\platform-tools\adb.exe
Running on Windows 10.0.22631
2024-06-15 15:47:06,695 INFO     SpecsInfo.MobileSpecsInfo  [MobileSpecsInfo.py:96] [MainThread]               Command Executed :  adb wait-for-device  version 
2024-06-15 15:47:06,696 INFO     SpecsInfo.MobileSpecsInfo  [MobileSpecsInfo.py:98] [MainThread]                 Command Status :                        Success
2024-06-15 15:47:06,696 INFO     SpecsInfo.MobileSpecsInfo  [MobileSpecsInfo.py:101] [MainThread]                 Command Output : Android Debug Bridge version 1.0.41
Version 35.0.1-11580240
Installed as C:\Users\MOHAMMAD ASIF RAZA\AppData\Local\Android\Sdk\platform-tools\adb.exe
Running on Windows 10.0.22631
2024-06-15 15:47:06,806 DEBUG    Base.Commands  [Commands.py:97] [MainThread]  Command output - 12
2024-06-15 15:47:06,806 INFO     SpecsInfo.MobileSpecsInfo  [MobileSpecsInfo.py:96] [MainThread]               Command Executed : adb wait-for-device  shell  getprop  ro.build.version.release 
2024-06-15 15:47:06,806 INFO     SpecsInfo.MobileSpecsInfo  [MobileSpecsInfo.py:98] [MainThread]                 Command Status :                        Success
2024-06-15 15:47:06,806 INFO     SpecsInfo.MobileSpecsInfo  [MobileSpecsInfo.py:101] [MainThread]                 Command Output :                             12
2024-06-15 15:47:06,901 DEBUG    Base.Commands  [Commands.py:97] [MainThread]  Command output - 
2024-06-15 15:47:06,901 INFO     SpecsInfo.MobileSpecsInfo  [MobileSpecsInfo.py:96] [MainThread]               Command Executed : adb wait-for-device  shell  getprop  ro.kernel.version 
2024-06-15 15:47:06,901 INFO     SpecsInfo.MobileSpecsInfo  [MobileSpecsInfo.py:98] [MainThread]                 Command Status :                        Success
2024-06-15 15:47:06,901 INFO     SpecsInfo.MobileSpecsInfo  [MobileSpecsInfo.py:101] [MainThread]                 Command Output :                               
2024-06-15 15:47:07,010 DEBUG    Base.Commands  [Commands.py:97] [MainThread]  Command output - 31
2024-06-15 15:47:07,010 INFO     SpecsInfo.MobileSpecsInfo  [MobileSpecsInfo.py:96] [MainThread]               Command Executed : adb wait-for-device  shell  getprop  ro.build.version.sdk 
2024-06-15 15:47:07,010 INFO     SpecsInfo.MobileSpecsInfo  [MobileSpecsInfo.py:98] [MainThread]                 Command Status :                        Success
2024-06-15 15:47:07,010 INFO     SpecsInfo.MobileSpecsInfo  [MobileSpecsInfo.py:101] [MainThread]                 Command Output :                             31
2024-06-15 15:47:07,112 DEBUG    Base.Commands  [Commands.py:97] [MainThread]  Command output - 31
2024-06-15 15:47:07,112 INFO     SpecsInfo.MobileSpecsInfo  [MobileSpecsInfo.py:96] [MainThread]               Command Executed : adb wait-for-device  shell  getprop  ro.product.build.version.sdk 
2024-06-15 15:47:07,113 INFO     SpecsInfo.MobileSpecsInfo  [MobileSpecsInfo.py:98] [MainThread]                 Command Status :                        Success
2024-06-15 15:47:07,113 INFO     SpecsInfo.MobileSpecsInfo  [MobileSpecsInfo.py:101] [MainThread]                 Command Output :                             31
2024-06-15 15:47:07,228 DEBUG    Base.Commands  [Commands.py:97] [MainThread]  Command output - 31
2024-06-15 15:47:07,228 INFO     SpecsInfo.MobileSpecsInfo  [MobileSpecsInfo.py:96] [MainThread]               Command Executed : adb wait-for-device  shell  getprop  ro.system.build.version.sdk 
2024-06-15 15:47:07,228 INFO     SpecsInfo.MobileSpecsInfo  [MobileSpecsInfo.py:98] [MainThread]                 Command Status :                        Success
2024-06-15 15:47:07,228 INFO     SpecsInfo.MobileSpecsInfo  [MobileSpecsInfo.py:101] [MainThread]                 Command Output :                             31
2024-06-15 15:47:07,331 DEBUG    Base.Commands  [Commands.py:97] [MainThread]  Command output - 30
2024-06-15 15:47:07,331 INFO     SpecsInfo.MobileSpecsInfo  [MobileSpecsInfo.py:96] [MainThread]               Command Executed : adb wait-for-device  shell  getprop  ro.vendor.build.version.sdk 
2024-06-15 15:47:07,331 INFO     SpecsInfo.MobileSpecsInfo  [MobileSpecsInfo.py:98] [MainThread]                 Command Status :                        Success
2024-06-15 15:47:07,331 INFO     SpecsInfo.MobileSpecsInfo  [MobileSpecsInfo.py:101] [MainThread]                 Command Output :                             30
2024-06-15 15:47:07,445 DEBUG    Base.Commands  [Commands.py:97] [MainThread]  Command output - policy0
policy6
2024-06-15 15:47:07,445 INFO     SpecsInfo.MobileSpecsInfo  [MobileSpecsInfo.py:96] [MainThread]               Command Executed : adb wait-for-device  shell  ls /sys/devices/system/cpu/cpufreq
2024-06-15 15:47:07,445 INFO     SpecsInfo.MobileSpecsInfo  [MobileSpecsInfo.py:98] [MainThread]                 Command Status :                        Success
2024-06-15 15:47:07,445 INFO     SpecsInfo.MobileSpecsInfo  [MobileSpecsInfo.py:101] [MainThread]                 Command Output :               policy0
policy6
2024-06-15 15:47:07,552 DEBUG    Base.Commands  [Commands.py:97] [MainThread]  Command output - 0 1 2 3 4 5
2024-06-15 15:47:07,561 INFO     SpecsInfo.MobileSpecsInfo  [MobileSpecsInfo.py:96] [MainThread]               Command Executed : adb wait-for-device  shell  cat /sys/devices/system/cpu/cpufreq/policy0/related_cpus
2024-06-15 15:47:07,561 INFO     SpecsInfo.MobileSpecsInfo  [MobileSpecsInfo.py:98] [MainThread]                 Command Status :                        Success
2024-06-15 15:47:07,561 INFO     SpecsInfo.MobileSpecsInfo  [MobileSpecsInfo.py:101] [MainThread]                 Command Output :                    0 1 2 3 4 5
2024-06-15 15:47:07,634 DEBUG    Base.Commands  [Commands.py:97] [MainThread]  Command output - 576000
2024-06-15 15:47:07,635 INFO     SpecsInfo.MobileSpecsInfo  [MobileSpecsInfo.py:96] [MainThread]               Command Executed : adb wait-for-device  shell  cat /sys/devices/system/cpu/cpufreq/policy0/scaling_min_freq
2024-06-15 15:47:07,635 INFO     SpecsInfo.MobileSpecsInfo  [MobileSpecsInfo.py:98] [MainThread]                 Command Status :                        Success
2024-06-15 15:47:07,635 INFO     SpecsInfo.MobileSpecsInfo  [MobileSpecsInfo.py:101] [MainThread]                 Command Output :                         576000
2024-06-15 15:47:07,732 DEBUG    Base.Commands  [Commands.py:97] [MainThread]  Command output - 1804800
2024-06-15 15:47:07,732 INFO     SpecsInfo.MobileSpecsInfo  [MobileSpecsInfo.py:96] [MainThread]               Command Executed : adb wait-for-device  shell  cat /sys/devices/system/cpu/cpufreq/policy0/scaling_max_freq
2024-06-15 15:47:07,732 INFO     SpecsInfo.MobileSpecsInfo  [MobileSpecsInfo.py:98] [MainThread]                 Command Status :                        Success
2024-06-15 15:47:07,732 INFO     SpecsInfo.MobileSpecsInfo  [MobileSpecsInfo.py:101] [MainThread]                 Command Output :                        1804800
2024-06-15 15:47:07,831 DEBUG    Base.Commands  [Commands.py:97] [MainThread]  Command output - 576000
2024-06-15 15:47:07,831 INFO     SpecsInfo.MobileSpecsInfo  [MobileSpecsInfo.py:96] [MainThread]               Command Executed : adb wait-for-device  shell  cat /sys/devices/system/cpu/cpufreq/policy0/scaling_cur_freq
2024-06-15 15:47:07,831 INFO     SpecsInfo.MobileSpecsInfo  [MobileSpecsInfo.py:98] [MainThread]                 Command Status :                        Success
2024-06-15 15:47:07,831 INFO     SpecsInfo.MobileSpecsInfo  [MobileSpecsInfo.py:101] [MainThread]                 Command Output :                         576000
2024-06-15 15:47:07,933 DEBUG    Base.Commands  [Commands.py:97] [MainThread]  Command output - 300000 576000 768000 1017600 1248000 1324800 1516800 1612800 1708800 1804800
2024-06-15 15:47:07,933 INFO     SpecsInfo.MobileSpecsInfo  [MobileSpecsInfo.py:96] [MainThread]               Command Executed : adb wait-for-device  shell  cat /sys/devices/system/cpu/cpufreq/policy0/scaling_available_frequencies
2024-06-15 15:47:07,933 INFO     SpecsInfo.MobileSpecsInfo  [MobileSpecsInfo.py:98] [MainThread]                 Command Status :                        Success
2024-06-15 15:47:07,933 INFO     SpecsInfo.MobileSpecsInfo  [MobileSpecsInfo.py:101] [MainThread]                 Command Output : 300000 576000 768000 1017600 1248000 1324800 1516800 1612800 1708800 1804800
2024-06-15 15:47:08,034 DEBUG    Base.Commands  [Commands.py:97] [MainThread]  Command output - conservative ondemand userspace powersave performance schedutil
2024-06-15 15:47:08,034 INFO     SpecsInfo.MobileSpecsInfo  [MobileSpecsInfo.py:96] [MainThread]               Command Executed : adb wait-for-device  shell  cat /sys/devices/system/cpu/cpufreq/policy0/scaling_available_governors
2024-06-15 15:47:08,034 INFO     SpecsInfo.MobileSpecsInfo  [MobileSpecsInfo.py:98] [MainThread]                 Command Status :                        Success
2024-06-15 15:47:08,034 INFO     SpecsInfo.MobileSpecsInfo  [MobileSpecsInfo.py:101] [MainThread]                 Command Output : conservative ondemand userspace powersave performance schedutil
2024-06-15 15:47:08,134 DEBUG    Base.Commands  [Commands.py:97] [MainThread]  Command output - schedutil
2024-06-15 15:47:08,134 INFO     SpecsInfo.MobileSpecsInfo  [MobileSpecsInfo.py:96] [MainThread]               Command Executed : adb wait-for-device  shell  cat /sys/devices/system/cpu/cpufreq/policy0/scaling_governor
2024-06-15 15:47:08,134 INFO     SpecsInfo.MobileSpecsInfo  [MobileSpecsInfo.py:98] [MainThread]                 Command Status :                        Success
2024-06-15 15:47:08,134 INFO     SpecsInfo.MobileSpecsInfo  [MobileSpecsInfo.py:101] [MainThread]                 Command Output :                      schedutil
2024-06-15 15:47:08,233 DEBUG    Base.Commands  [Commands.py:97] [MainThread]  Command output - 
2024-06-15 15:47:08,233 INFO     SpecsInfo.MobileSpecsInfo  [MobileSpecsInfo.py:96] [MainThread]               Command Executed : adb wait-for-device  shell  cat /sys/devices/system/cpu/cpufreq/policy0/../../offline
2024-06-15 15:47:08,234 INFO     SpecsInfo.MobileSpecsInfo  [MobileSpecsInfo.py:98] [MainThread]                 Command Status :                        Success
2024-06-15 15:47:08,234 INFO     SpecsInfo.MobileSpecsInfo  [MobileSpecsInfo.py:101] [MainThread]                 Command Output :                               
2024-06-15 15:47:08,332 DEBUG    Base.Commands  [Commands.py:97] [MainThread]  Command output - 0-7
2024-06-15 15:47:08,332 INFO     SpecsInfo.MobileSpecsInfo  [MobileSpecsInfo.py:96] [MainThread]               Command Executed : adb wait-for-device  shell  cat /sys/devices/system/cpu/cpufreq/policy0/../../online
2024-06-15 15:47:08,332 INFO     SpecsInfo.MobileSpecsInfo  [MobileSpecsInfo.py:98] [MainThread]                 Command Status :                        Success
2024-06-15 15:47:08,332 INFO     SpecsInfo.MobileSpecsInfo  [MobileSpecsInfo.py:101] [MainThread]                 Command Output :                            0-7
2024-06-15 15:47:08,425 DEBUG    Base.Commands  [Commands.py:97] [MainThread]  Command output - 
2024-06-15 15:47:08,425 INFO     SpecsInfo.MobileSpecsInfo  [MobileSpecsInfo.py:96] [MainThread]               Command Executed : adb wait-for-device  shell  cat /sys/devices/system/cpu/cpufreq/policy0/../../cpu_boost/input_boost_freq
2024-06-15 15:47:08,425 INFO     SpecsInfo.MobileSpecsInfo  [MobileSpecsInfo.py:98] [MainThread]                 Command Status :                        Success
2024-06-15 15:47:08,425 INFO     SpecsInfo.MobileSpecsInfo  [MobileSpecsInfo.py:101] [MainThread]                 Command Output :                               
2024-06-15 15:47:08,552 DEBUG    Base.Commands  [Commands.py:97] [MainThread]  Command output - 467
2024-06-15 15:47:08,552 INFO     SpecsInfo.MobileSpecsInfo  [MobileSpecsInfo.py:96] [MainThread]               Command Executed : adb wait-for-device  shell  cat /sys/devices/system/cpu/cpufreq/policy0/../../cpu0/cpu_capacity
2024-06-15 15:47:08,552 INFO     SpecsInfo.MobileSpecsInfo  [MobileSpecsInfo.py:98] [MainThread]                 Command Status :                        Success
2024-06-15 15:47:08,552 INFO     SpecsInfo.MobileSpecsInfo  [MobileSpecsInfo.py:101] [MainThread]                 Command Output :                            467
2024-06-15 15:47:08,662 DEBUG    Base.Commands  [Commands.py:97] [MainThread]  Command output - Processor	: AArch64 Processor rev 14 (aarch64)
2024-06-15 15:47:08,662 INFO     SpecsInfo.MobileSpecsInfo  [MobileSpecsInfo.py:96] [MainThread]               Command Executed : adb wait-for-device  shell  cat /proc/cpuinfo | grep Processor
2024-06-15 15:47:08,662 INFO     SpecsInfo.MobileSpecsInfo  [MobileSpecsInfo.py:98] [MainThread]                 Command Status :                        Success
2024-06-15 15:47:08,663 INFO     SpecsInfo.MobileSpecsInfo  [MobileSpecsInfo.py:101] [MainThread]                 Command Output : Processor	: AArch64 Processor rev 14 (aarch64)
2024-06-15 15:47:08,663 INFO     SpecsInfo.CpuSpecsInfo  [CpuSpecsInfo.py:138] [MainThread]  Core Arch : AArch64 Processor rev 14 (aarch64)
2024-06-15 15:47:08,773 DEBUG    Base.Commands  [Commands.py:97] [MainThread]  Command output - 6 7
2024-06-15 15:47:08,773 INFO     SpecsInfo.MobileSpecsInfo  [MobileSpecsInfo.py:96] [MainThread]               Command Executed : adb wait-for-device  shell  cat /sys/devices/system/cpu/cpufreq/policy6/related_cpus
2024-06-15 15:47:08,773 INFO     SpecsInfo.MobileSpecsInfo  [MobileSpecsInfo.py:98] [MainThread]                 Command Status :                        Success
2024-06-15 15:47:08,773 INFO     SpecsInfo.MobileSpecsInfo  [MobileSpecsInfo.py:101] [MainThread]                 Command Output :                            6 7
2024-06-15 15:47:08,874 DEBUG    Base.Commands  [Commands.py:97] [MainThread]  Command output - 652800
2024-06-15 15:47:08,874 INFO     SpecsInfo.MobileSpecsInfo  [MobileSpecsInfo.py:96] [MainThread]               Command Executed : adb wait-for-device  shell  cat /sys/devices/system/cpu/cpufreq/policy6/scaling_min_freq
2024-06-15 15:47:08,874 INFO     SpecsInfo.MobileSpecsInfo  [MobileSpecsInfo.py:98] [MainThread]                 Command Status :                        Success
2024-06-15 15:47:08,874 INFO     SpecsInfo.MobileSpecsInfo  [MobileSpecsInfo.py:101] [MainThread]                 Command Output :                         652800
2024-06-15 15:47:08,974 DEBUG    Base.Commands  [Commands.py:97] [MainThread]  Command output - 2323200
2024-06-15 15:47:08,974 INFO     SpecsInfo.MobileSpecsInfo  [MobileSpecsInfo.py:96] [MainThread]               Command Executed : adb wait-for-device  shell  cat /sys/devices/system/cpu/cpufreq/policy6/scaling_max_freq
2024-06-15 15:47:08,974 INFO     SpecsInfo.MobileSpecsInfo  [MobileSpecsInfo.py:98] [MainThread]                 Command Status :                        Success
2024-06-15 15:47:08,974 INFO     SpecsInfo.MobileSpecsInfo  [MobileSpecsInfo.py:101] [MainThread]                 Command Output :                        2323200
2024-06-15 15:47:09,074 DEBUG    Base.Commands  [Commands.py:97] [MainThread]  Command output - 2323200
2024-06-15 15:47:09,074 INFO     SpecsInfo.MobileSpecsInfo  [MobileSpecsInfo.py:96] [MainThread]               Command Executed : adb wait-for-device  shell  cat /sys/devices/system/cpu/cpufreq/policy6/scaling_cur_freq
2024-06-15 15:47:09,074 INFO     SpecsInfo.MobileSpecsInfo  [MobileSpecsInfo.py:98] [MainThread]                 Command Status :                        Success
2024-06-15 15:47:09,075 INFO     SpecsInfo.MobileSpecsInfo  [MobileSpecsInfo.py:101] [MainThread]                 Command Output :                        2323200
2024-06-15 15:47:09,192 DEBUG    Base.Commands  [Commands.py:97] [MainThread]  Command output - 652800 825600 979200 1113600 1267200 1555200 1708800 1843200 1900800 1996800 2112000 2208000 2323200
2024-06-15 15:47:09,192 INFO     SpecsInfo.MobileSpecsInfo  [MobileSpecsInfo.py:96] [MainThread]               Command Executed : adb wait-for-device  shell  cat /sys/devices/system/cpu/cpufreq/policy6/scaling_available_frequencies
2024-06-15 15:47:09,192 INFO     SpecsInfo.MobileSpecsInfo  [MobileSpecsInfo.py:98] [MainThread]                 Command Status :                        Success
2024-06-15 15:47:09,192 INFO     SpecsInfo.MobileSpecsInfo  [MobileSpecsInfo.py:101] [MainThread]                 Command Output : 652800 825600 979200 1113600 1267200 1555200 1708800 1843200 1900800 1996800 2112000 2208000 2323200
2024-06-15 15:47:09,313 DEBUG    Base.Commands  [Commands.py:97] [MainThread]  Command output - conservative ondemand userspace powersave performance schedutil
2024-06-15 15:47:09,313 INFO     SpecsInfo.MobileSpecsInfo  [MobileSpecsInfo.py:96] [MainThread]               Command Executed : adb wait-for-device  shell  cat /sys/devices/system/cpu/cpufreq/policy6/scaling_available_governors
2024-06-15 15:47:09,313 INFO     SpecsInfo.MobileSpecsInfo  [MobileSpecsInfo.py:98] [MainThread]                 Command Status :                        Success
2024-06-15 15:47:09,313 INFO     SpecsInfo.MobileSpecsInfo  [MobileSpecsInfo.py:101] [MainThread]                 Command Output : conservative ondemand userspace powersave performance schedutil
2024-06-15 15:47:09,432 DEBUG    Base.Commands  [Commands.py:97] [MainThread]  Command output - schedutil
2024-06-15 15:47:09,433 INFO     SpecsInfo.MobileSpecsInfo  [MobileSpecsInfo.py:96] [MainThread]               Command Executed : adb wait-for-device  shell  cat /sys/devices/system/cpu/cpufreq/policy6/scaling_governor
2024-06-15 15:47:09,434 INFO     SpecsInfo.MobileSpecsInfo  [MobileSpecsInfo.py:98] [MainThread]                 Command Status :                        Success
2024-06-15 15:47:09,434 INFO     SpecsInfo.MobileSpecsInfo  [MobileSpecsInfo.py:101] [MainThread]                 Command Output :                      schedutil
2024-06-15 15:47:09,545 DEBUG    Base.Commands  [Commands.py:97] [MainThread]  Command output - 
2024-06-15 15:47:09,545 INFO     SpecsInfo.MobileSpecsInfo  [MobileSpecsInfo.py:96] [MainThread]               Command Executed : adb wait-for-device  shell  cat /sys/devices/system/cpu/cpufreq/policy6/../../offline
2024-06-15 15:47:09,545 INFO     SpecsInfo.MobileSpecsInfo  [MobileSpecsInfo.py:98] [MainThread]                 Command Status :                        Success
2024-06-15 15:47:09,545 INFO     SpecsInfo.MobileSpecsInfo  [MobileSpecsInfo.py:101] [MainThread]                 Command Output :                               
2024-06-15 15:47:09,651 DEBUG    Base.Commands  [Commands.py:97] [MainThread]  Command output - 0-7
2024-06-15 15:47:09,651 INFO     SpecsInfo.MobileSpecsInfo  [MobileSpecsInfo.py:96] [MainThread]               Command Executed : adb wait-for-device  shell  cat /sys/devices/system/cpu/cpufreq/policy6/../../online
2024-06-15 15:47:09,651 INFO     SpecsInfo.MobileSpecsInfo  [MobileSpecsInfo.py:98] [MainThread]                 Command Status :                        Success
2024-06-15 15:47:09,653 INFO     SpecsInfo.MobileSpecsInfo  [MobileSpecsInfo.py:101] [MainThread]                 Command Output :                            0-7
2024-06-15 15:47:09,765 DEBUG    Base.Commands  [Commands.py:97] [MainThread]  Command output - 
2024-06-15 15:47:09,765 INFO     SpecsInfo.MobileSpecsInfo  [MobileSpecsInfo.py:96] [MainThread]               Command Executed : adb wait-for-device  shell  cat /sys/devices/system/cpu/cpufreq/policy6/../../cpu_boost/input_boost_freq
2024-06-15 15:47:09,765 INFO     SpecsInfo.MobileSpecsInfo  [MobileSpecsInfo.py:98] [MainThread]                 Command Status :                        Success
2024-06-15 15:47:09,765 INFO     SpecsInfo.MobileSpecsInfo  [MobileSpecsInfo.py:101] [MainThread]                 Command Output :                               
2024-06-15 15:47:09,869 DEBUG    Base.Commands  [Commands.py:97] [MainThread]  Command output - 1024
2024-06-15 15:47:09,869 INFO     SpecsInfo.MobileSpecsInfo  [MobileSpecsInfo.py:96] [MainThread]               Command Executed : adb wait-for-device  shell  cat /sys/devices/system/cpu/cpufreq/policy6/../../cpu6/cpu_capacity
2024-06-15 15:47:09,869 INFO     SpecsInfo.MobileSpecsInfo  [MobileSpecsInfo.py:98] [MainThread]                 Command Status :                        Success
2024-06-15 15:47:09,869 INFO     SpecsInfo.MobileSpecsInfo  [MobileSpecsInfo.py:101] [MainThread]                 Command Output :                           1024
2024-06-15 15:47:09,981 DEBUG    Base.Commands  [Commands.py:97] [MainThread]  Command output - Processor	: AArch64 Processor rev 14 (aarch64)
2024-06-15 15:47:09,981 INFO     SpecsInfo.MobileSpecsInfo  [MobileSpecsInfo.py:96] [MainThread]               Command Executed : adb wait-for-device  shell  cat /proc/cpuinfo | grep Processor
2024-06-15 15:47:09,981 INFO     SpecsInfo.MobileSpecsInfo  [MobileSpecsInfo.py:98] [MainThread]                 Command Status :                        Success
2024-06-15 15:47:09,981 INFO     SpecsInfo.MobileSpecsInfo  [MobileSpecsInfo.py:101] [MainThread]                 Command Output : Processor	: AArch64 Processor rev 14 (aarch64)
2024-06-15 15:47:09,981 INFO     SpecsInfo.CpuSpecsInfo  [CpuSpecsInfo.py:138] [MainThread]  Core Arch : AArch64 Processor rev 14 (aarch64)
