2024-06-15 15:47:05,169 DEBUG    Base.Commands  [Commands.py:97] [MainThread]  Command output - a94d1ed3
2024-06-15 15:47:05,169 INFO     SpecsInfo.MobileSpecsInfo  [MobileSpecsInfo.py:96] [MainThread]               Command Executed : adb wait-for-device  get-serialno 
2024-06-15 15:47:05,169 INFO     SpecsInfo.MobileSpecsInfo  [MobileSpecsInfo.py:98] [MainThread]                 Command Status :                        Success
2024-06-15 15:47:05,170 INFO     SpecsInfo.MobileSpecsInfo  [MobileSpecsInfo.py:101] [MainThread]                 Command Output :                       a94d1ed3
2024-06-15 15:47:05,199 DEBUG    Base.Commands  [Commands.py:97] [MainThread]  Command output - a94d1ed3
2024-06-15 15:47:05,199 INFO     SpecsInfo.MobileSpecsInfo  [MobileSpecsInfo.py:96] [MainThread]               Command Executed : adb wait-for-device  get-serialno 
2024-06-15 15:47:05,199 INFO     SpecsInfo.MobileSpecsInfo  [MobileSpecsInfo.py:98] [MainThread]                 Command Status :                        Success
2024-06-15 15:47:05,199 INFO     SpecsInfo.MobileSpecsInfo  [MobileSpecsInfo.py:101] [MainThread]                 Command Output :                       a94d1ed3
2024-06-15 15:47:05,311 DEBUG    Base.Commands  [Commands.py:97] [MainThread]  Command output - atoll
2024-06-15 15:47:05,311 INFO     SpecsInfo.MobileSpecsInfo  [MobileSpecsInfo.py:96] [MainThread]               Command Executed : adb wait-for-device  shell  getprop  ro.board.platform 
2024-06-15 15:47:05,311 INFO     SpecsInfo.MobileSpecsInfo  [MobileSpecsInfo.py:98] [MainThread]                 Command Status :                        Success
2024-06-15 15:47:05,311 INFO     SpecsInfo.MobileSpecsInfo  [MobileSpecsInfo.py:101] [MainThread]                 Command Output :                          atoll
2024-06-15 15:47:05,410 DEBUG    Base.Commands  [Commands.py:97] [MainThread]  Command output - Xiaomi
2024-06-15 15:47:05,410 INFO     SpecsInfo.MobileSpecsInfo  [MobileSpecsInfo.py:96] [MainThread]               Command Executed : adb wait-for-device  shell  getprop  ro.product.manufacturer 
2024-06-15 15:47:05,410 INFO     SpecsInfo.MobileSpecsInfo  [MobileSpecsInfo.py:98] [MainThread]                 Command Status :                        Success
2024-06-15 15:47:05,410 INFO     SpecsInfo.MobileSpecsInfo  [MobileSpecsInfo.py:101] [MainThread]                 Command Output :                         Xiaomi
2024-06-15 15:47:05,510 DEBUG    Base.Commands  [Commands.py:97] [MainThread]  Command output - QTI
2024-06-15 15:47:05,510 INFO     SpecsInfo.MobileSpecsInfo  [MobileSpecsInfo.py:96] [MainThread]               Command Executed : adb wait-for-device  shell  getprop  ro.soc.manufacturer 
2024-06-15 15:47:05,510 INFO     SpecsInfo.MobileSpecsInfo  [MobileSpecsInfo.py:98] [MainThread]                 Command Status :                        Success
2024-06-15 15:47:05,510 INFO     SpecsInfo.MobileSpecsInfo  [MobileSpecsInfo.py:101] [MainThread]                 Command Output :                            QTI
2024-06-15 15:47:05,622 DEBUG    Base.Commands  [Commands.py:97] [MainThread]  Command output - SM7125
2024-06-15 15:47:05,622 INFO     SpecsInfo.MobileSpecsInfo  [MobileSpecsInfo.py:96] [MainThread]               Command Executed : adb wait-for-device  shell  getprop  ro.soc.model 
2024-06-15 15:47:05,623 INFO     SpecsInfo.MobileSpecsInfo  [MobileSpecsInfo.py:98] [MainThread]                 Command Status :                        Success
2024-06-15 15:47:05,623 INFO     SpecsInfo.MobileSpecsInfo  [MobileSpecsInfo.py:101] [MainThread]                 Command Output :                         SM7125
2024-06-15 15:47:05,730 DEBUG    Base.Commands  [Commands.py:97] [MainThread]  Command output - msm
2024-06-15 15:47:05,730 INFO     SpecsInfo.MobileSpecsInfo  [MobileSpecsInfo.py:96] [MainThread]               Command Executed : adb wait-for-device  shell  getprop  ro.baseband 
2024-06-15 15:47:05,730 INFO     SpecsInfo.MobileSpecsInfo  [MobileSpecsInfo.py:98] [MainThread]                 Command Status :                        Success
2024-06-15 15:47:05,730 INFO     SpecsInfo.MobileSpecsInfo  [MobileSpecsInfo.py:101] [MainThread]                 Command Output :                            msm
2024-06-15 15:47:05,847 DEBUG    Base.Commands  [Commands.py:97] [MainThread]  Command output - dsds
2024-06-15 15:47:05,847 INFO     SpecsInfo.MobileSpecsInfo  [MobileSpecsInfo.py:96] [MainThread]               Command Executed : adb wait-for-device  shell  getprop  persist.radio.multisim.config 
2024-06-15 15:47:05,847 INFO     SpecsInfo.MobileSpecsInfo  [MobileSpecsInfo.py:98] [MainThread]                 Command Status :                        Success
2024-06-15 15:47:05,847 INFO     SpecsInfo.MobileSpecsInfo  [MobileSpecsInfo.py:101] [MainThread]                 Command Output :                           dsds
2024-06-15 15:47:05,951 DEBUG    Base.Commands  [Commands.py:97] [MainThread]  Command output - adreno
2024-06-15 15:47:05,951 INFO     SpecsInfo.MobileSpecsInfo  [MobileSpecsInfo.py:96] [MainThread]               Command Executed : adb wait-for-device  shell  getprop  ro.hardware.egl 
2024-06-15 15:47:05,951 INFO     SpecsInfo.MobileSpecsInfo  [MobileSpecsInfo.py:98] [MainThread]                 Command Status :                        Success
2024-06-15 15:47:05,952 INFO     SpecsInfo.MobileSpecsInfo  [MobileSpecsInfo.py:101] [MainThread]                 Command Output :                         adreno
2024-06-15 15:47:06,068 DEBUG    Base.Commands  [Commands.py:97] [MainThread]  Command output - 
2024-06-15 15:47:06,069 INFO     SpecsInfo.MobileSpecsInfo  [MobileSpecsInfo.py:96] [MainThread]               Command Executed : adb wait-for-device  shell  getprop  ro.hardware.nfc_nci 
2024-06-15 15:47:06,069 INFO     SpecsInfo.MobileSpecsInfo  [MobileSpecsInfo.py:98] [MainThread]                 Command Status :                        Success
2024-06-15 15:47:06,069 INFO     SpecsInfo.MobileSpecsInfo  [MobileSpecsInfo.py:101] [MainThread]                 Command Output :                               
2024-06-15 15:47:06,186 DEBUG    Base.Commands  [Commands.py:97] [MainThread]  Command output - 3
2024-06-15 15:47:06,186 INFO     SpecsInfo.MobileSpecsInfo  [MobileSpecsInfo.py:96] [MainThread]               Command Executed : adb wait-for-device  shell  getprop  sys.usb.mtp.device_type 
2024-06-15 15:47:06,186 INFO     SpecsInfo.MobileSpecsInfo  [MobileSpecsInfo.py:98] [MainThread]                 Command Status :                        Success
2024-06-15 15:47:06,186 INFO     SpecsInfo.MobileSpecsInfo  [MobileSpecsInfo.py:101] [MainThread]                 Command Output :                              3
2024-06-15 15:47:06,363 DEBUG    Base.Commands  [Commands.py:97] [MainThread]  Command output - Physical density: 440
2024-06-15 15:47:06,363 INFO     SpecsInfo.MobileSpecsInfo  [MobileSpecsInfo.py:96] [MainThread]               Command Executed : adb wait-for-device  shell  wm  density 
2024-06-15 15:47:06,364 INFO     SpecsInfo.MobileSpecsInfo  [MobileSpecsInfo.py:98] [MainThread]                 Command Status :                        Success
2024-06-15 15:47:06,364 INFO     SpecsInfo.MobileSpecsInfo  [MobileSpecsInfo.py:101] [MainThread]                 Command Output :          Physical density: 440
2024-06-15 15:47:06,497 DEBUG    Base.Commands  [Commands.py:97] [MainThread]  Command output - lock 0
2024-06-15 15:47:06,497 INFO     SpecsInfo.MobileSpecsInfo  [MobileSpecsInfo.py:96] [MainThread]               Command Executed : adb wait-for-device  shell  wm  user-rotation 
2024-06-15 15:47:06,497 INFO     SpecsInfo.MobileSpecsInfo  [MobileSpecsInfo.py:98] [MainThread]                 Command Status :                        Success
2024-06-15 15:47:06,497 INFO     SpecsInfo.MobileSpecsInfo  [MobileSpecsInfo.py:101] [MainThread]                 Command Output :                         lock 0
2024-06-15 15:47:06,637 DEBUG    Base.Commands  [Commands.py:97] [MainThread]  Command output - Supports non-resizable in multi window: 0
Respects activity min width/height in multi window: 0
2024-06-15 15:47:06,637 INFO     SpecsInfo.MobileSpecsInfo  [MobileSpecsInfo.py:96] [MainThread]               Command Executed : adb wait-for-device  shell  wm  get-multi-window-config 
2024-06-15 15:47:06,637 INFO     SpecsInfo.MobileSpecsInfo  [MobileSpecsInfo.py:98] [MainThread]                 Command Status :                        Success
2024-06-15 15:47:06,637 INFO     SpecsInfo.MobileSpecsInfo  [MobileSpecsInfo.py:101] [MainThread]                 Command Output : Supports non-resizable in multi window: 0
Respects activity min width/height in multi window: 0
2024-06-15 15:47:06,695 DEBUG    Base.Commands  [Commands.py:97] [MainThread]  Command output - Android Debug Bridge version 1.0.41
Version 35.0.1-11580240
Installed as C:\Users\MOHAMMAD ASIF RAZA\AppData\Local\Android\Sdk\platform-tools\adb.exe
Running on Windows 10.0.22631
2024-06-15 15:47:06,695 INFO     SpecsInfo.MobileSpecsInfo  [MobileSpecsInfo.py:96] [MainThread]               Command Executed :  adb wait-for-device  version 
2024-06-15 15:47:06,696 INFO     SpecsInfo.MobileSpecsInfo  [MobileSpecsInfo.py:98] [MainThread]                 Command Status :                        Success
2024-06-15 15:47:06,696 INFO     SpecsInfo.MobileSpecsInfo  [MobileSpecsInfo.py:101] [MainThread]                 Command Output : Android Debug Bridge version 1.0.41
Version 35.0.1-11580240
Installed as C:\Users\MOHAMMAD ASIF RAZA\AppData\Local\Android\Sdk\platform-tools\adb.exe
Running on Windows 10.0.22631
2024-06-15 15:47:06,806 DEBUG    Base.Commands  [Commands.py:97] [MainThread]  Command output - 12
2024-06-15 15:47:06,806 INFO     SpecsInfo.MobileSpecsInfo  [MobileSpecsInfo.py:96] [MainThread]               Command Executed : adb wait-for-device  shell  getprop  ro.build.version.release 
2024-06-15 15:47:06,806 INFO     SpecsInfo.MobileSpecsInfo  [MobileSpecsInfo.py:98] [MainThread]                 Command Status :                        Success
2024-06-15 15:47:06,806 INFO     SpecsInfo.MobileSpecsInfo  [MobileSpecsInfo.py:101] [MainThread]                 Command Output :                             12
2024-06-15 15:47:06,901 DEBUG    Base.Commands  [Commands.py:97] [MainThread]  Command output - 
2024-06-15 15:47:06,901 INFO     SpecsInfo.MobileSpecsInfo  [MobileSpecsInfo.py:96] [MainThread]               Command Executed : adb wait-for-device  shell  getprop  ro.kernel.version 
2024-06-15 15:47:06,901 INFO     SpecsInfo.MobileSpecsInfo  [MobileSpecsInfo.py:98] [MainThread]                 Command Status :                        Success
2024-06-15 15:47:06,901 INFO     SpecsInfo.MobileSpecsInfo  [MobileSpecsInfo.py:101] [MainThread]                 Command Output :                               
2024-06-15 15:47:07,010 DEBUG    Base.Commands  [Commands.py:97] [MainThread]  Command output - 31
2024-06-15 15:47:07,010 INFO     SpecsInfo.MobileSpecsInfo  [MobileSpecsInfo.py:96] [MainThread]               Command Executed : adb wait-for-device  shell  getprop  ro.build.version.sdk 
2024-06-15 15:47:07,010 INFO     SpecsInfo.MobileSpecsInfo  [MobileSpecsInfo.py:98] [MainThread]                 Command Status :                        Success
2024-06-15 15:47:07,010 INFO     SpecsInfo.MobileSpecsInfo  [MobileSpecsInfo.py:101] [MainThread]                 Command Output :                             31
2024-06-15 15:47:07,112 DEBUG    Base.Commands  [Commands.py:97] [MainThread]  Command output - 31
2024-06-15 15:47:07,112 INFO     SpecsInfo.MobileSpecsInfo  [MobileSpecsInfo.py:96] [MainThread]               Command Executed : adb wait-for-device  shell  getprop  ro.product.build.version.sdk 
2024-06-15 15:47:07,113 INFO     SpecsInfo.MobileSpecsInfo  [MobileSpecsInfo.py:98] [MainThread]                 Command Status :                        Success
2024-06-15 15:47:07,113 INFO     SpecsInfo.MobileSpecsInfo  [MobileSpecsInfo.py:101] [MainThread]                 Command Output :                             31
2024-06-15 15:47:07,228 DEBUG    Base.Commands  [Commands.py:97] [MainThread]  Command output - 31
2024-06-15 15:47:07,228 INFO     SpecsInfo.MobileSpecsInfo  [MobileSpecsInfo.py:96] [MainThread]               Command Executed : adb wait-for-device  shell  getprop  ro.system.build.version.sdk 
2024-06-15 15:47:07,228 INFO     SpecsInfo.MobileSpecsInfo  [MobileSpecsInfo.py:98] [MainThread]                 Command Status :                        Success
2024-06-15 15:47:07,228 INFO     SpecsInfo.MobileSpecsInfo  [MobileSpecsInfo.py:101] [MainThread]                 Command Output :                             31
2024-06-15 15:47:07,331 DEBUG    Base.Commands  [Commands.py:97] [MainThread]  Command output - 30
2024-06-15 15:47:07,331 INFO     SpecsInfo.MobileSpecsInfo  [MobileSpecsInfo.py:96] [MainThread]               Command Executed : adb wait-for-device  shell  getprop  ro.vendor.build.version.sdk 
2024-06-15 15:47:07,331 INFO     SpecsInfo.MobileSpecsInfo  [MobileSpecsInfo.py:98] [MainThread]                 Command Status :                        Success
2024-06-15 15:47:07,331 INFO     SpecsInfo.MobileSpecsInfo  [MobileSpecsInfo.py:101] [MainThread]                 Command Output :                             30
